# project  configured on Tue Apr 30 00:44:02 2013 by
# waf 1.6.11 (abi 98, python 30301f0 on linux)
# using /usr/lib/haxe/lib/flambe/2,2b/bin/waf configure --debug
#
----------------------------------------
Setting top to
/home/adn/code/random/flambe/helloworld
----------------------------------------
Setting out to
/home/adn/code/random/flambe/helloworld/build
----------------------------------------
Checking for program haxe
/usr/bin/haxe
find program=['haxe'] paths=['/usr/lib/qt4/bin', '/usr/bin', '/usr/local/bin', '/bin', '/usr/local/sbin', '/usr/sbin', '/sbin', '/usr/bin/core_perl'] var='HAXE' -> '/usr/bin/haxe'
----------------------------------------
Checking for program java
/usr/bin/java
find program=['java'] paths=['/usr/lib/qt4/bin', '/usr/bin', '/usr/local/bin', '/bin', '/usr/local/sbin', '/usr/sbin', '/sbin', '/usr/bin/core_perl'] var='JAVA' -> '/usr/bin/java'
----------------------------------------
Checking for program adt
not found
find program=['adt'] paths=['/usr/lib/qt4/bin', '/usr/bin', '/usr/local/bin', '/bin', '/usr/local/sbin', '/usr/sbin', '/sbin', '/usr/bin/core_perl'] var='ADT' -> ''
from /home/adn/code/random/flambe/helloworld: Could not find the program adt
----------------------------------------
Checking for program npm
not found
find program=['npm'] paths=['/usr/lib/qt4/bin', '/usr/bin', '/usr/local/bin', '/bin', '/usr/local/sbin', '/usr/sbin', '/sbin', '/usr/bin/core_perl'] var='NPM' -> ''
from /home/adn/code/random/flambe/helloworld: Could not find the program npm
